2010-11-09 09:42:08 Debug: Notice (8): Undefined variable: key in [APP\controllers\phprops_controller.php, line 39]
2010-11-09 09:56:04 Debug: Notice (8): Undefined variable: key in [APP\controllers\phprops_controller.php, line 39]
2010-11-09 10:00:43 Debug: Notice (8): Undefined variable: key in [APP\controllers\phprops_controller.php, line 39]
2010-11-09 10:00:50 Debug: Notice (8): Undefined variable: key in [APP\controllers\phprops_controller.php, line 39]
2010-11-09 15:15:31 Debug: Notice (8): Undefined index:  in [APP\controllers\phprops_controller.php, line 29]
2010-11-09 15:34:03 Debug: Notice (8): Undefined variable: propsFileName in [APP\views\phprops\index.ctp, line 34]
2010-11-09 15:34:06 Debug: Notice (8): Undefined variable: propsFileName in [APP\views\phprops\index.ctp, line 34]
2010-11-09 15:34:28 Debug: Notice (8): Undefined variable: propsFileName in [APP\views\phprops\index.ctp, line 34]
2010-11-09 15:49:29 Debug: Notice (8): Undefined variable: id in [APP\views\phprops\add.ctp, line 2]
2010-11-09 15:49:29 Debug: Notice (8): Undefined variable: key in [APP\views\phprops\add.ctp, line 2]
2010-11-09 15:49:29 Debug: Notice (8): Undefined variable: values in [APP\views\phprops\add.ctp, line 2]
2010-11-09 15:49:29 Debug: Notice (8): Undefined variable: htmlValue in [APP\views\phprops\add.ctp, line 2]
2010-11-09 15:49:29 Debug: Notice (8): Undefined variable: translatedValue in [APP\views\phprops\add.ctp, line 2]
2010-11-09 15:49:30 Debug: Notice (8): Undefined variable: key in [APP\views\phprops\add.ctp, line 13]
2010-11-09 15:50:10 Debug: Notice (8): Undefined variable: key in [APP\views\phprops\add.ctp, line 13]
2010-11-09 15:52:28 Debug: Notice (8): Undefined variable: id in [APP\views\phprops\add.ctp, line 2]
2010-11-09 15:52:28 Debug: Notice (8): Undefined variable: key in [APP\views\phprops\add.ctp, line 2]
2010-11-09 15:52:28 Debug: Notice (8): Undefined variable: values in [APP\views\phprops\add.ctp, line 2]
2010-11-09 15:52:28 Debug: Notice (8): Undefined variable: htmlValue in [APP\views\phprops\add.ctp, line 2]
2010-11-09 15:52:28 Debug: Notice (8): Undefined variable: translatedValue in [APP\views\phprops\add.ctp, line 2]
2010-11-09 15:52:28 Debug: Notice (8): Undefined variable: key in [APP\views\phprops\add.ctp, line 13]
2010-11-09 15:53:23 Debug: Notice (8): Undefined variable: id in [APP\views\phprops\add.ctp, line 2]
2010-11-09 15:53:23 Debug: Notice (8): Undefined variable: key in [APP\views\phprops\add.ctp, line 2]
2010-11-09 15:53:23 Debug: Notice (8): Undefined variable: values in [APP\views\phprops\add.ctp, line 2]
2010-11-09 15:53:23 Debug: Notice (8): Undefined variable: htmlValue in [APP\views\phprops\add.ctp, line 2]
2010-11-09 15:53:23 Debug: Notice (8): Undefined variable: translatedValue in [APP\views\phprops\add.ctp, line 2]
2010-11-09 15:53:23 Debug: Notice (8): Undefined variable: key in [APP\views\phprops\add.ctp, line 13]
2010-11-09 15:53:44 Debug: Notice (8): Undefined variable: id in [APP\views\phprops\add.ctp, line 2]
2010-11-09 15:53:44 Debug: Notice (8): Undefined variable: key in [APP\views\phprops\add.ctp, line 2]
2010-11-09 15:53:44 Debug: Notice (8): Undefined variable: values in [APP\views\phprops\add.ctp, line 2]
2010-11-09 15:53:44 Debug: Notice (8): Undefined variable: htmlValue in [APP\views\phprops\add.ctp, line 2]
2010-11-09 15:53:44 Debug: Notice (8): Undefined variable: translatedValue in [APP\views\phprops\add.ctp, line 2]
2010-11-09 15:53:44 Debug: Notice (8): Undefined variable: key in [APP\views\phprops\add.ctp, line 13]
2010-11-09 15:53:45 Debug: Notice (8): Undefined variable: id in [APP\views\phprops\add.ctp, line 2]
2010-11-09 15:53:45 Debug: Notice (8): Undefined variable: key in [APP\views\phprops\add.ctp, line 2]
2010-11-09 15:53:45 Debug: Notice (8): Undefined variable: values in [APP\views\phprops\add.ctp, line 2]
2010-11-09 15:53:45 Debug: Notice (8): Undefined variable: htmlValue in [APP\views\phprops\add.ctp, line 2]
2010-11-09 15:53:45 Debug: Notice (8): Undefined variable: translatedValue in [APP\views\phprops\add.ctp, line 2]
2010-11-09 15:53:45 Debug: Notice (8): Undefined variable: key in [APP\views\phprops\add.ctp, line 13]
2010-11-09 16:14:33 Debug: Notice (8): Undefined index: Phprop in [APP\controllers\phprops_controller.php, line 57]
2010-11-09 16:14:33 Debug: Notice (8): Undefined index: Phprop in [APP\controllers\phprops_controller.php, line 58]
2010-11-09 16:14:33 Debug: Notice (8): Undefined index: Phprop in [APP\controllers\phprops_controller.php, line 59]
2010-11-09 16:14:33 Debug: Notice (8): Undefined index: Phprop in [APP\controllers\phprops_controller.php, line 60]
2010-11-09 16:15:06 Debug: Notice (8): Undefined index: Phprop in [APP\controllers\phprops_controller.php, line 57]
2010-11-09 16:15:06 Debug: Notice (8): Undefined index: Phprop in [APP\controllers\phprops_controller.php, line 58]
2010-11-09 16:15:06 Debug: Notice (8): Undefined index: Phprop in [APP\controllers\phprops_controller.php, line 59]
2010-11-09 16:15:06 Debug: Notice (8): Undefined index: Phprop in [APP\controllers\phprops_controller.php, line 60]
2010-11-09 16:15:06 Debug: Notice (8): Use of undefined constant Phprop - assumed 'Phprop' in [APP\views\phprops\add.ctp, line 3]
2010-11-09 16:15:11 Debug: Notice (8): Use of undefined constant Phprop - assumed 'Phprop' in [APP\views\phprops\add.ctp, line 3]
2010-11-09 16:31:59 Debug: Notice (8): Use of undefined constant key - assumed 'key' in [APP\views\phprops\add.ctp, line 6]
2010-11-09 16:31:59 Debug: Notice (8): Undefined index: before in [CORE\cake\libs\view\helpers\form.php, line 771]
2010-11-09 16:31:59 Debug: Notice (8): Undefined index: between in [CORE\cake\libs\view\helpers\form.php, line 772]
2010-11-09 16:31:59 Debug: Notice (8): Undefined index: after in [CORE\cake\libs\view\helpers\form.php, line 773]
2010-11-09 16:33:33 Debug: Notice (8): Use of undefined constant key - assumed 'key' in [APP\views\phprops\add.ctp, line 6]
2010-11-09 16:33:33 Debug: Notice (8): Undefined index: before in [CORE\cake\libs\view\helpers\form.php, line 771]
2010-11-09 16:33:33 Debug: Notice (8): Undefined index: between in [CORE\cake\libs\view\helpers\form.php, line 772]
2010-11-09 16:33:33 Debug: Notice (8): Undefined index: after in [CORE\cake\libs\view\helpers\form.php, line 773]
2010-11-09 16:33:34 Debug: Notice (8): Use of undefined constant key - assumed 'key' in [APP\views\phprops\add.ctp, line 6]
2010-11-09 16:33:34 Debug: Notice (8): Undefined index: before in [CORE\cake\libs\view\helpers\form.php, line 771]
2010-11-09 16:33:34 Debug: Notice (8): Undefined index: between in [CORE\cake\libs\view\helpers\form.php, line 772]
2010-11-09 16:33:34 Debug: Notice (8): Undefined index: after in [CORE\cake\libs\view\helpers\form.php, line 773]
2010-11-09 17:10:27 Debug: Notice (8): Undefined variable: props in [APP\controllers\phprops_controller.php, line 100]
2010-11-09 17:37:32 Debug: Notice (8): Undefined index:  in [APP\controllers\phprops_controller.php, line 31]
2010-11-09 17:51:01 Debug: Notice (8): Undefined variable: props in [APP\controllers\phprops_controller.php, line 84]
2010-11-10 09:28:34 Debug: Notice (8): Undefined variable: key in [APP\controllers\phprops_controller.php, line 84]
2010-11-10 09:29:08 Debug: Notice (8): Undefined variable: key in [APP\controllers\phprops_controller.php, line 84]
2010-11-10 09:29:58 Debug: Notice (8): Undefined index: values in [APP\views\phprops\index.ctp, line 5]
2010-11-10 09:29:58 Debug: Notice (8): Undefined index: isHTML in [APP\views\phprops\index.ctp, line 8]
2010-11-10 09:29:58 Debug: Notice (8): Undefined index: isTranslated in [APP\views\phprops\index.ctp, line 15]
2010-11-10 09:29:58 Debug: Notice (8): Undefined index: isHTML in [APP\views\phprops\index.ctp, line 24]
2010-11-10 09:29:58 Debug: Notice (8): Undefined index: isTranslated in [APP\views\phprops\index.ctp, line 24]
2010-11-10 10:11:22 Debug: Notice (8): Use of undefined constant key - assumed 'key' in [APP\views\phprops\add.ctp, line 8]
2010-11-10 10:11:23 Debug: Notice (8): Undefined index: before in [CORE\cake\libs\view\helpers\form.php, line 771]
2010-11-10 10:11:23 Debug: Notice (8): Undefined index: between in [CORE\cake\libs\view\helpers\form.php, line 772]
2010-11-10 10:11:23 Debug: Notice (8): Undefined index: after in [CORE\cake\libs\view\helpers\form.php, line 773]
