2010-11-09 09:33:21 Warning: Warning (2): file_get_contents(C:\xampp\htdocs\phprop\app\tmp\properties.json) [<a href='http://php.net/function.file-get-contents'>function.file-get-contents</a>]: failed to open stream: No such file or directory in [APP\controllers\phprops_controller.php, line 117]
2010-11-09 09:33:21 Warning: Warning (2): Invalid argument supplied for foreach() in [APP\views\phprops\index.ctp, line 4]
2010-11-09 09:34:07 Warning: Warning (2): file_get_contents(C:\xampp\htdocs\phprop\app\tmp\properties.json) [<a href='http://php.net/function.file-get-contents'>function.file-get-contents</a>]: failed to open stream: No such file or directory in [APP\controllers\phprops_controller.php, line 117]
2010-11-09 09:34:07 Warning: Warning (2): Invalid argument supplied for foreach() in [APP\views\phprops\index.ctp, line 4]
2010-11-09 09:35:15 Warning: Warning (2): file_get_contents(C:\xampp\htdocs\phprop\app\tmp\properties.json) [<a href='http://php.net/function.file-get-contents'>function.file-get-contents</a>]: failed to open stream: No such file or directory in [APP\controllers\phprops_controller.php, line 117]
2010-11-09 09:35:30 Warning: Warning (2): file_get_contents(C:\xampp\htdocs\phprop\app\tmp\properties.json) [<a href='http://php.net/function.file-get-contents'>function.file-get-contents</a>]: failed to open stream: No such file or directory in [APP\controllers\phprops_controller.php, line 117]
2010-11-09 09:35:30 Warning: Warning (2): Invalid argument supplied for foreach() in [APP\views\phprops\index.ctp, line 4]
2010-11-09 09:36:24 Warning: Warning (2): Invalid argument supplied for foreach() in [APP\views\phprops\index.ctp, line 4]
2010-11-09 09:36:32 Warning: Warning (2): Invalid argument supplied for foreach() in [APP\views\phprops\index.ctp, line 4]
2010-11-09 09:37:22 Warning: Warning (2): Invalid argument supplied for foreach() in [APP\views\phprops\index.ctp, line 4]
2010-11-09 09:41:27 Warning: Warning (2): Invalid argument supplied for foreach() in [APP\views\phprops\index.ctp, line 4]
2010-11-09 09:41:36 Warning: Warning (2): Invalid argument supplied for foreach() in [APP\views\phprops\index.ctp, line 4]
2010-11-09 09:42:00 Warning: Warning (2): Invalid argument supplied for foreach() in [APP\views\phprops\index.ctp, line 4]
2010-11-09 09:42:08 Warning: Warning (2): Missing argument 1 for PhpropsController::update(), called in C:\xampp\htdocs\phprop\cake\libs\object.php on line 115 and defined in [APP\controllers\phprops_controller.php, line 35]
2010-11-09 09:51:09 Warning: Warning (2): Invalid argument supplied for foreach() in [APP\views\phprops\index.ctp, line 4]
2010-11-09 09:56:04 Warning: Warning (2): Missing argument 1 for PhpropsController::update(), called in C:\xampp\htdocs\phprop\cake\libs\object.php on line 115 and defined in [APP\controllers\phprops_controller.php, line 35]
2010-11-09 09:57:46 Warning: Warning (2): Invalid argument supplied for foreach() in [APP\views\phprops\index.ctp, line 4]
2010-11-09 10:00:26 Warning: Warning (2): Invalid argument supplied for foreach() in [APP\views\phprops\index.ctp, line 4]
2010-11-09 10:00:43 Warning: Warning (2): Missing argument 1 for PhpropsController::update(), called in C:\xampp\htdocs\phprop\cake\libs\object.php on line 115 and defined in [APP\controllers\phprops_controller.php, line 35]
2010-11-09 10:00:50 Warning: Warning (2): Missing argument 1 for PhpropsController::update(), called in C:\xampp\htdocs\phprop\cake\libs\object.php on line 115 and defined in [APP\controllers\phprops_controller.php, line 35]
2010-11-09 10:34:43 Warning: Warning (2): Invalid argument supplied for foreach() in [APP\views\phprops\index.ctp, line 4]
2010-11-09 15:18:54 Warning: Warning (2): Invalid argument supplied for foreach() in [APP\views\phprops\index.ctp, line 4]
2010-11-09 15:18:56 Warning: Warning (2): Invalid argument supplied for foreach() in [APP\views\phprops\index.ctp, line 4]
2010-11-09 15:19:11 Warning: Warning (2): Invalid argument supplied for foreach() in [APP\views\phprops\index.ctp, line 4]
2010-11-09 15:19:12 Warning: Warning (2): Invalid argument supplied for foreach() in [APP\views\phprops\index.ctp, line 4]
2010-11-09 15:20:07 Warning: Warning (2): Invalid argument supplied for foreach() in [APP\views\phprops\index.ctp, line 4]
2010-11-09 15:20:07 Warning: Warning (2): Invalid argument supplied for foreach() in [APP\views\phprops\index.ctp, line 4]
2010-11-09 15:25:07 Warning: Warning (2): Invalid argument supplied for foreach() in [APP\views\phprops\index.ctp, line 4]
2010-11-09 15:27:01 Warning: Warning (2): Invalid argument supplied for foreach() in [APP\views\phprops\index.ctp, line 4]
2010-11-09 15:28:57 Warning: Warning (2): Invalid argument supplied for foreach() in [APP\views\phprops\index.ctp, line 4]
2010-11-09 15:30:28 Warning: Warning (2): Invalid argument supplied for foreach() in [APP\views\phprops\index.ctp, line 4]
2010-11-09 15:30:28 Warning: Warning (2): Invalid argument supplied for foreach() in [APP\views\phprops\index.ctp, line 4]
2010-11-09 15:30:33 Warning: Warning (2): Invalid argument supplied for foreach() in [APP\views\phprops\index.ctp, line 4]
2010-11-09 15:34:28 Warning: Warning (2): Invalid argument supplied for foreach() in [APP\views\phprops\index.ctp, line 4]
2010-11-09 15:35:06 Warning: Warning (2): Invalid argument supplied for foreach() in [APP\views\phprops\index.ctp, line 4]
2010-11-09 15:35:07 Warning: Warning (2): Invalid argument supplied for foreach() in [APP\views\phprops\index.ctp, line 4]
2010-11-09 15:35:36 Warning: Warning (2): Invalid argument supplied for foreach() in [APP\views\phprops\index.ctp, line 4]
2010-11-09 15:36:04 Warning: Warning (2): Invalid argument supplied for foreach() in [APP\views\phprops\index.ctp, line 4]
2010-11-09 16:31:59 Warning: Warning (2): array_merge() [<a href='http://php.net/function.array-merge'>function.array-merge</a>]: Argument #2 is not an array in [CORE\cake\libs\view\helpers\form.php, line 590]
2010-11-09 16:33:33 Warning: Warning (2): array_merge() [<a href='http://php.net/function.array-merge'>function.array-merge</a>]: Argument #2 is not an array in [CORE\cake\libs\view\helpers\form.php, line 590]
2010-11-09 16:33:34 Warning: Warning (2): array_merge() [<a href='http://php.net/function.array-merge'>function.array-merge</a>]: Argument #2 is not an array in [CORE\cake\libs\view\helpers\form.php, line 590]
2010-11-09 17:10:27 Warning: Warning (2): Missing argument 1 for PhpropsController::__saveProps(), called in C:\xampp\htdocs\phprop\app\controllers\phprops_controller.php on line 48 and defined in [APP\controllers\phprops_controller.php, line 98]
2010-11-09 17:10:41 Warning: Warning (2): Invalid argument supplied for foreach() in [APP\views\phprops\index.ctp, line 4]
2010-11-09 17:10:51 Warning: Warning (2): Invalid argument supplied for foreach() in [APP\views\phprops\index.ctp, line 4]
2010-11-09 17:52:11 Warning: Warning (2): Invalid argument supplied for foreach() in [APP\views\phprops\index.ctp, line 4]
2010-11-09 17:52:33 Warning: Warning (2): Invalid argument supplied for foreach() in [APP\views\phprops\index.ctp, line 4]
2010-11-09 17:52:56 Warning: Warning (2): Invalid argument supplied for foreach() in [APP\views\phprops\index.ctp, line 4]
2010-11-09 17:52:57 Warning: Warning (2): Invalid argument supplied for foreach() in [APP\views\phprops\index.ctp, line 4]
2010-11-10 09:33:18 Warning: Warning (2): Illegal offset type in [APP\controllers\phprops_controller.php, line 85]
2010-11-10 10:11:22 Warning: Warning (2): array_merge() [<a href='http://php.net/function.array-merge'>function.array-merge</a>]: Argument #2 is not an array in [CORE\cake\libs\view\helpers\form.php, line 590]
